Arguments: 
  /usr/local/bin/node /usr/local/Cellar/yarn/1.22.19/libexec/bin/yarn.js add -D merkletreejs

PATH: 
  /Users/freebird/Library/pnpm:/usr/local/bin:/System/Cryptexes/App/usr/bin:/usr/bin:/bin:/usr/sbin:/sbin:/Applications/VMware Fusion.app/Contents/Public:/usr/local/go/bin:/usr/local/MacGPG2/bin:/Library/Apple/usr/bin:/Users/freebird/.cargo/bin:~/.zshrc:/Users/freebird/.foundry/bin

Yarn version: 
  1.22.19

Node version: 
  18.18.0

Platform: 
  darwin x64

Trace: 
  Error: ENOENT: no such file or directory, copyfile '/Users/freebird/Library/Caches/Yarn/v6/npm-color-convert-1.9.3-bb71850690e1f136567de629d2d5471deda4c1e8-integrity/node_modules/color-convert/CHANGELOG.md' -> '/Users/freebird/Desktop/work/world_mobile/IPDR/node_modules/@nomicfoundation/hardhat-foundry/node_modules/color-convert/CHANGELOG.md'

npm manifest: 
  {
    "name": "AyaIPDR",
    "scripts": {
      "clean": "hardhat clean",
      "test": "hardhat test",
      "build": "hardhat compile",
      "coverage": "hardhat coverage",
      "hh": "hardhat"
    },
    "devDependencies": {
      "@nomicfoundation/hardhat-foundry": "^1.1.1",
      "@nomicfoundation/hardhat-toolbox": "^4.0.0",
      "@nomiclabs/hardhat-ethers": "npm:hardhat-deploy-ethers@^0.4.1",
      "@openzeppelin/contracts-upgradeable": "^5.0.1",
      "@openzeppelin/hardhat-upgrades": "^3.0.2",
      "ethers": "^6.10.0",
      "hardhat": "2.19.5",
      "hardhat-gas-reporter": "^1.0.10",
      "prettier": "^3.2.4"
    },
    "dependencies": {
      "@openzeppelin/contracts": "^5.0.1",
      "dotenv": "^16.4.1"
    }
  }

yarn manifest: 
  No manifest

Lockfile: 
  No lockfile
